<?xml version="1.0" encoding="UTF-8"?>
<!-- Generated by org.testng.reporters.JUnitXMLReporter -->
<testsuite ignored="0" hostname="MD" failures="0" tests="6" name="Test" time="84.326" errors="0" timestamp="2025-06-26T16:42:58 EDT">
  <testcase classname="com.micro.tests.MicrocenterHomePageTest" name="varifyClickOnSearchButton" time="0.255"/>
  <testcase classname="com.micro.tests.MicrocenterHomePageTest" name="varifyClickOnSearchQuery" time="0.15"/>
  <testcase classname="com.micro.tests.MicrocenterHomePageTest" name="varifyFindYourPerfectWindows11Laptop" time="0.175"/>
  <testcase classname="com.micro.tests.MicrocenterHomePageTest" name="varifyMicrocenterHomePageCurrentURL" time="0.113"/>
  <testcase classname="com.micro.tests.MicrocenterHomePageTest" name="varifyMicrocenterHomePageTitle" time="0.052"/>
  <testcase classname="com.micro.tests.MicrocenterHomePageTest" name="varifyMicrocenterLogo" time="0.184"/>
</testsuite> <!-- Test -->
