<?xml version="1.0" encoding="UTF-8"?>
<testsuite xmlns:xsi="http://www.w3.org/2001/XMLSchema-instance" xsi:noNamespaceSchemaLocation="https://maven.apache.org/surefire/maven-surefire-plugin/xsd/surefire-test-report.xsd" name="TestSuite" time="262.523" tests="9" errors="0" skipped="0" failures="1">
  <properties>
[...]
</properties>
  <testcase name="runScenario" classname="com.micro.runners.RegressionTest" time="27.711"/>
  <testcase name="runScenario" classname="com.micro.runners.RegressionTest" time="26.861"/>
  <testcase name="runScenario" classname="com.micro.runners.RegressionTest" time="30.175"/>
  <testcase name="runScenario" classname="com.micro.runners.RegressionTest" time="13.28"/>
  <testcase name="runScenario" classname="com.micro.runners.RegressionTest" time="22.883"/>
  <testcase name="runScenario" classname="com.micro.runners.RegressionTest" time="16.885"/>
  <testcase name="runScenario" classname="com.micro.runners.RegressionTest" time="62.622"/>
  <testcase name="runScenario" classname="com.micro.runners.RegressionTest" time="16.931"/>
  <testcase name="runScenario" classname="com.micro.runners.RegressionTest" time="42.813">
    <failure message="element not interactable&#10;  (Session info: chrome=137.0.7151.122)&#10;Build info: version: &apos;4.22.0&apos;, revision: &apos;c5f3146703*&apos;&#10;System info: os.name: &apos;Windows 11&apos;, os.arch: &apos;amd64&apos;, os.version: &apos;10.0&apos;, java.version: &apos;21.0.3&apos;&#10;Driver info: org.openqa.selenium.chrome.ChromeDriver&#10;Command: [77baa3ce519b09ca2491bbf422609d14, clickElement {id=f.746C8971556DE335E7829F9B321992BD.d.3ABC4FD13F20026B02318704105F54C8.e.35415}]&#10;Capabilities {acceptInsecureCerts: false, browserName: chrome, browserVersion: 137.0.7151.122, chrome: {chromedriverVersion: 137.0.7151.119 (e0ac9d12dff..., userDataDir: C:\Users\mdrhm\AppData\Loca...}, fedcm:accounts: true, goog:chromeOptions: {debuggerAddress: localhost:53605}, networkConnectionEnabled: false, pageLoadStrategy: normal, platformName: windows, proxy: Proxy(), se:cdp: ws://localhost:53605/devtoo..., se:cdpVersion: 137.0.7151.122, setWindowRect: true, strictFileInteractability: false, timeouts: {implicit: 0, pageLoad: 300000, script: 30000}, unhandledPromptBehavior: dismiss and notify, webauthn:extension:credBlob: true, webauthn:extension:largeBlob: true, webauthn:extension:minPinLength: true, webauthn:extension:prf: true, webauthn:virtualAuthenticators: true}&#10;Element: [[ChromeDriver: chrome on windows (77baa3ce519b09ca2491bbf422609d14)] -&gt; xpath: //a[@id=&apos;midLvl24724&apos;]]&#10;Session ID: 77baa3ce519b09ca2491bbf422609d14" type="org.openqa.selenium.ElementNotInteractableException">org.openqa.selenium.ElementNotInteractableException: 
element not interactable
  (Session info: chrome=137.0.7151.122)
Build info: version: '4.22.0', revision: 'c5f3146703*'
System info: os.name: 'Windows 11', os.arch: 'amd64', os.version: '10.0', java.version: '21.0.3'
Driver info: org.openqa.selenium.chrome.ChromeDriver
Command: [77baa3ce519b09ca2491bbf422609d14, clickElement {id=f.746C8971556DE335E7829F9B321992BD.d.3ABC4FD13F20026B02318704105F54C8.e.35415}]
Capabilities {acceptInsecureCerts: false, browserName: chrome, browserVersion: 137.0.7151.122, chrome: {chromedriverVersion: 137.0.7151.119 (e0ac9d12dff..., userDataDir: C:\Users\mdrhm\AppData\Loca...}, fedcm:accounts: true, goog:chromeOptions: {debuggerAddress: localhost:53605}, networkConnectionEnabled: false, pageLoadStrategy: normal, platformName: windows, proxy: Proxy(), se:cdp: ws://localhost:53605/devtoo..., se:cdpVersion: 137.0.7151.122, setWindowRect: true, strictFileInteractability: false, timeouts: {implicit: 0, pageLoad: 300000, script: 30000}, unhandledPromptBehavior: dismiss and notify, webauthn:extension:credBlob: true, webauthn:extension:largeBlob: true, webauthn:extension:minPinLength: true, webauthn:extension:prf: true, webauthn:virtualAuthenticators: true}
Element: [[ChromeDriver: chrome on windows (77baa3ce519b09ca2491bbf422609d14)] -> xpath: //a[@id='midLvl24724']]
Session ID: 77baa3ce519b09ca2491bbf422609d14
</failure>
    <system-out><![CDATA[
@regression
Scenario: View available tech services                         # src/test/java/com/micro/features/ServicesPage.feature:15
==========+Before============
  Given I have to open chrome browser                          # com.micro.steps.StepDefinition.i_have_to_open_chrome_browser()
  When I am in Microcenter home page                           # com.micro.steps.StepDefinition.i_am_in_Microcenter_home_page()
  When I click on the "Services" link from the navigation menu # com.micro.steps.StepDefinition.i_click_on_the_link_from_the_navigation_menu(java.lang.String)
  When I scroll down to the "Check Repair Status" section      # com.micro.steps.StepDefinition.i_scroll_down_to_the_section(java.lang.String)
      org.openqa.selenium.ElementNotInteractableException: element not interactable
  (Session info: chrome=137.0.7151.122)
Build info: version: '4.22.0', revision: 'c5f3146703*'
System info: os.name: 'Windows 11', os.arch: 'amd64', os.version: '10.0', java.version: '21.0.3'
Driver info: org.openqa.selenium.chrome.ChromeDriver
Command: [77baa3ce519b09ca2491bbf422609d14, clickElement {id=f.746C8971556DE335E7829F9B321992BD.d.3ABC4FD13F20026B02318704105F54C8.e.35415}]
Capabilities {acceptInsecureCerts: false, browserName: chrome, browserVersion: 137.0.7151.122, chrome: {chromedriverVersion: 137.0.7151.119 (e0ac9d12dff..., userDataDir: C:\Users\mdrhm\AppData\Loca...}, fedcm:accounts: true, goog:chromeOptions: {debuggerAddress: localhost:53605}, networkConnectionEnabled: false, pageLoadStrategy: normal, platformName: windows, proxy: Proxy(), se:cdp: ws://localhost:53605/devtoo..., se:cdpVersion: 137.0.7151.122, setWindowRect: true, strictFileInteractability: false, timeouts: {implicit: 0, pageLoad: 300000, script: 30000}, unhandledPromptBehavior: dismiss and notify, webauthn:extension:credBlob: true, webauthn:extension:largeBlob: true, webauthn:extension:minPinLength: true, webauthn:extension:prf: true, webauthn:virtualAuthenticators: true}
Element: [[ChromeDriver: chrome on windows (77baa3ce519b09ca2491bbf422609d14)] -> xpath: //a[@id='midLvl24724']]
Session ID: 77baa3ce519b09ca2491bbf422609d14
	at java.base/jdk.internal.reflect.DirectConstructorHandleAccessor.newInstance(DirectConstructorHandleAccessor.java:62)
	at java.base/java.lang.reflect.Constructor.newInstanceWithCaller(Constructor.java:502)
	at java.base/java.lang.reflect.Constructor.newInstance(Constructor.java:486)
	at org.openqa.selenium.remote.ErrorCodec.decode(ErrorCodec.java:167)
	at org.openqa.selenium.remote.codec.w3c.W3CHttpResponseCodec.decode(W3CHttpResponseCodec.java:138)
	at org.openqa.selenium.remote.codec.w3c.W3CHttpResponseCodec.decode(W3CHttpResponseCodec.java:50)
	at org.openqa.selenium.remote.HttpCommandExecutor.execute(HttpCommandExecutor.java:190)
	at org.openqa.selenium.remote.service.DriverCommandExecutor.invokeExecute(DriverCommandExecutor.java:216)
	at org.openqa.selenium.remote.service.DriverCommandExecutor.execute(DriverCommandExecutor.java:174)
	at org.openqa.selenium.remote.RemoteWebDriver.execute(RemoteWebDriver.java:518)
	at org.openqa.selenium.remote.RemoteWebElement.execute(RemoteWebElement.java:223)
	at org.openqa.selenium.remote.RemoteWebElement.click(RemoteWebElement.java:76)
	at java.base/jdk.internal.reflect.DirectMethodHandleAccessor.invoke(DirectMethodHandleAccessor.java:103)
	at java.base/java.lang.reflect.Method.invoke(Method.java:580)
	at org.openqa.selenium.support.pagefactory.internal.LocatingElementHandler.invoke(LocatingElementHandler.java:51)
	at jdk.proxy2/jdk.proxy2.$Proxy25.click(Unknown Source)
	at com.micro.pages.ServicesPage.clickOnCheckRepairStatusButton(ServicesPage.java:33)
	at com.micro.steps.StepDefinition.i_scroll_down_to_the_section(StepDefinition.java:447)
	at ✽.I scroll down to the "Check Repair Status" section(file:///C:/Users/mdrhm/OneDrive/Desktop/OSA0820202325A/BDD_Cucumber_Micro_Project/src/test/java/com/micro/features/ServicesPage.feature:16)

  Then I should see the Service Oder Status Logo               # com.micro.steps.StepDefinition.i_should_see_the_Service_Oder_Status_Logo()
  And click on Schedule service                                # com.micro.steps.StepDefinition.click_on_Schedule_service()
  And click on All service & Repair                            # com.micro.steps.StepDefinition.click_on_All_service_Repair()
  And click on Computer Repair                                 # com.micro.steps.StepDefinition.click_on_Computer_Repair()
  And click on Brands we service                               # com.micro.steps.StepDefinition.click_on_Brands_we_service()
  And click on Laptop Battery Replacement                      # com.micro.steps.StepDefinition.click_on_Laptop_Battery_Replacement()
  And click on Laptop Screen replacement                       # com.micro.steps.StepDefinition.click_on_Laptop_Screen_replacement()
  And click on Apple Certified Repair                          # com.micro.steps.StepDefinition.click_on_Apple_Certified_Repair()
  And click on GPU Trade-in Program                            # com.micro.steps.StepDefinition.click_on_GPU_Trade_in_Program()
  And click on Recycling Program                               # com.micro.steps.StepDefinition.click_on_Recycling_Program()
  And click on Virus Removal                                   # com.micro.steps.StepDefinition.click_on_Virus_Removal()
  And click on Data Recovery                                   # com.micro.steps.StepDefinition.click_on_Data_Recovery()
  And click on Custom Bill PCS                                 # com.micro.steps.StepDefinition.click_on_Custom_Bill_PCS()
  And click on Service FAQs                                    # com.micro.steps.StepDefinition.click_on_Service_FAQs()
  And I close the browser                                      # com.micro.steps.StepDefinition.i_close_the_browser()
==========After============
]]></system-out>
    <system-err><![CDATA[Jul 06, 2025 6:32:09 PM org.openqa.selenium.devtools.CdpVersionFinder findNearestMatch
WARNING: Unable to find CDP implementation matching 137
Jul 06, 2025 6:32:09 PM org.openqa.selenium.chromium.ChromiumDriver lambda$new$5
WARNING: Unable to find version of CDP to use for 137.0.7151.122. You may need to include a dependency on a specific version of the CDP using something similar to `org.seleniumhq.selenium:selenium-devtools-v86:4.22.0` where the version ("v86") matches the version of the chromium-based browser you're using and the version number of the artifact is the same as Selenium's.
]]></system-err>
  </testcase>
</testsuite>