<?xml version="1.0" encoding="UTF-8"?>
<testng-results ignored="0" total="9" passed="8" failed="1" skipped="0">
  <reporter-output>
  </reporter-output>
  <suite started-at="2025-07-04T17:45:58 EDT" name="Default suite" finished-at="2025-07-04T17:49:40 EDT" duration-ms="221785">
    <groups>
      <group name="cucumber">
        <method signature="AbstractTestNGCucumberTests.runScenario(io.cucumber.testng.PickleWrapper, io.cucumber.testng.FeatureWrapper)[pri:0, instance:com.micro.runners.RegressionTest@294425a7]" name="runScenario" class="io.cucumber.testng.AbstractTestNGCucumberTests"/>
      </group> <!-- cucumber -->
    </groups>
    <test started-at="2025-07-04T17:45:58 EDT" name="Default test" finished-at="2025-07-04T17:49:40 EDT" duration-ms="221785">
      <class name="com.micro.runners.RegressionTest">
        <test-method is-config="true" signature="beforeSuite()[pri:0, instance:com.micro.runners.RegressionTest@294425a7]" started-at="2025-07-04T17:45:58 EDT" name="beforeSuite" finished-at="2025-07-04T17:45:58 EDT" duration-ms="13" status="PASS">
          <reporter-output>
          </reporter-output>
        </test-method> <!-- beforeSuite -->
        <test-method is-config="true" signature="setUpClass()[pri:0, instance:com.micro.runners.RegressionTest@294425a7]" started-at="2025-07-04T17:45:58 EDT" name="setUpClass" finished-at="2025-07-04T17:45:58 EDT" duration-ms="387" status="PASS">
          <reporter-output>
          </reporter-output>
        </test-method> <!-- setUpClass -->
        <test-method signature="runScenario(io.cucumber.testng.PickleWrapper, io.cucumber.testng.FeatureWrapper)[pri:0, instance:com.micro.runners.RegressionTest@294425a7]" started-at="2025-07-04T17:45:58 EDT" name="runScenario" description="Runs Cucumber Scenarios" data-provider="scenarios" finished-at="2025-07-04T17:46:30 EDT" duration-ms="31923" status="PASS">
          <params>
            <param index="0">
              <value>
                <![CDATA["Varify  ApplePage is working or not"]]>
              </value>
            </param>
            <param index="1">
              <value>
                <![CDATA["Microcenter Apple page testing info"]]>
              </value>
            </param>
          </params>
          <reporter-output>
          </reporter-output>
        </test-method> <!-- runScenario -->
        <test-method signature="runScenario(io.cucumber.testng.PickleWrapper, io.cucumber.testng.FeatureWrapper)[pri:0, instance:com.micro.runners.RegressionTest@294425a7]" started-at="2025-07-04T17:46:30 EDT" name="runScenario" description="Runs Cucumber Scenarios" data-provider="scenarios" finished-at="2025-07-04T17:46:57 EDT" duration-ms="27290" status="PASS">
          <params>
            <param index="0">
              <value>
                <![CDATA["Varify  ApplePage is working or not"]]>
              </value>
            </param>
            <param index="1">
              <value>
                <![CDATA["Microcenter Apple page testing info"]]>
              </value>
            </param>
          </params>
          <reporter-output>
          </reporter-output>
        </test-method> <!-- runScenario -->
        <test-method signature="runScenario(io.cucumber.testng.PickleWrapper, io.cucumber.testng.FeatureWrapper)[pri:0, instance:com.micro.runners.RegressionTest@294425a7]" started-at="2025-07-04T17:46:57 EDT" name="runScenario" description="Runs Cucumber Scenarios" data-provider="scenarios" finished-at="2025-07-04T17:47:29 EDT" duration-ms="31826" status="PASS">
          <params>
            <param index="0">
              <value>
                <![CDATA["User navigates to Computers page, filters by Desktop Computers, and adds a product to the cart"]]>
              </value>
            </param>
            <param index="1">
              <value>
                <![CDATA["Computers Page Functionality on Micro Center"]]>
              </value>
            </param>
          </params>
          <reporter-output>
          </reporter-output>
        </test-method> <!-- runScenario -->
        <test-method signature="runScenario(io.cucumber.testng.PickleWrapper, io.cucumber.testng.FeatureWrapper)[pri:0, instance:com.micro.runners.RegressionTest@294425a7]" started-at="2025-07-04T17:47:29 EDT" name="runScenario" description="Runs Cucumber Scenarios" data-provider="scenarios" finished-at="2025-07-04T17:47:43 EDT" duration-ms="13415" status="PASS">
          <params>
            <param index="0">
              <value>
                <![CDATA["Verify Microcenter home page title"]]>
              </value>
            </param>
            <param index="1">
              <value>
                <![CDATA["MicroCenter Home Page feature"]]>
              </value>
            </param>
          </params>
          <reporter-output>
          </reporter-output>
        </test-method> <!-- runScenario -->
        <test-method signature="runScenario(io.cucumber.testng.PickleWrapper, io.cucumber.testng.FeatureWrapper)[pri:0, instance:com.micro.runners.RegressionTest@294425a7]" started-at="2025-07-04T17:47:43 EDT" name="runScenario" description="Runs Cucumber Scenarios" data-provider="scenarios" finished-at="2025-07-04T17:48:03 EDT" duration-ms="20647" status="PASS">
          <params>
            <param index="0">
              <value>
                <![CDATA["Add the first PC part listed to the cart"]]>
              </value>
            </param>
            <param index="1">
              <value>
                <![CDATA["Browse and add PC Parts on Micro Center"]]>
              </value>
            </param>
          </params>
          <reporter-output>
          </reporter-output>
        </test-method> <!-- runScenario -->
        <test-method signature="runScenario(io.cucumber.testng.PickleWrapper, io.cucumber.testng.FeatureWrapper)[pri:0, instance:com.micro.runners.RegressionTest@294425a7]" started-at="2025-07-04T17:48:03 EDT" name="runScenario" description="Runs Cucumber Scenarios" data-provider="scenarios" finished-at="2025-07-04T17:48:21 EDT" duration-ms="17993" status="PASS">
          <params>
            <param index="0">
              <value>
                <![CDATA["Verify Microcenter Sign in is working or not"]]>
              </value>
            </param>
            <param index="1">
              <value>
                <![CDATA["Microcenter Sign In validation"]]>
              </value>
            </param>
          </params>
          <reporter-output>
          </reporter-output>
        </test-method> <!-- runScenario -->
        <test-method signature="runScenario(io.cucumber.testng.PickleWrapper, io.cucumber.testng.FeatureWrapper)[pri:0, instance:com.micro.runners.RegressionTest@294425a7]" started-at="2025-07-04T17:48:21 EDT" name="runScenario" description="Runs Cucumber Scenarios" data-provider="scenarios" finished-at="2025-07-04T17:48:39 EDT" duration-ms="17210" status="PASS">
          <params>
            <param index="0">
              <value>
                <![CDATA["Verify Microcenter Sign in is working or not"]]>
              </value>
            </param>
            <param index="1">
              <value>
                <![CDATA["Microcenter Sign In validation"]]>
              </value>
            </param>
          </params>
          <reporter-output>
          </reporter-output>
        </test-method> <!-- runScenario -->
        <test-method signature="runScenario(io.cucumber.testng.PickleWrapper, io.cucumber.testng.FeatureWrapper)[pri:0, instance:com.micro.runners.RegressionTest@294425a7]" started-at="2025-07-04T17:48:39 EDT" name="runScenario" description="Runs Cucumber Scenarios" data-provider="scenarios" finished-at="2025-07-04T17:48:56 EDT" duration-ms="17035" status="PASS">
          <params>
            <param index="0">
              <value>
                <![CDATA["Verify Microcenter Sign in is working or not"]]>
              </value>
            </param>
            <param index="1">
              <value>
                <![CDATA["Microcenter Sign In validation"]]>
              </value>
            </param>
          </params>
          <reporter-output>
          </reporter-output>
        </test-method> <!-- runScenario -->
        <test-method signature="runScenario(io.cucumber.testng.PickleWrapper, io.cucumber.testng.FeatureWrapper)[pri:0, instance:com.micro.runners.RegressionTest@294425a7]" started-at="2025-07-04T17:48:56 EDT" name="runScenario" description="Runs Cucumber Scenarios" data-provider="scenarios" finished-at="2025-07-04T17:49:38 EDT" duration-ms="42852" status="FAIL">
          <params>
            <param index="0">
              <value>
                <![CDATA["View available tech services"]]>
              </value>
            </param>
            <param index="1">
              <value>
                <![CDATA["Micro Center Services Page Functionality"]]>
              </value>
            </param>
          </params>
          <exception class="org.openqa.selenium.ElementNotInteractableException">
            <message>
              <![CDATA[element not interactable
  (Session info: chrome=137.0.7151.122)
Build info: version: '4.22.0', revision: 'c5f3146703*'
System info: os.name: 'Windows 11', os.arch: 'amd64', os.version: '10.0', java.version: '19'
Driver info: org.openqa.selenium.chrome.ChromeDriver
Command: [8a0d6c062618182f75bdef0856417255, clickElement {id=f.D725A94FB89307133A4C290D7BE43D06.d.1E9A944E32F27A477FEF9D8D3D8B48D4.e.493}]
Capabilities {acceptInsecureCerts: false, browserName: chrome, browserVersion: 137.0.7151.122, chrome: {chromedriverVersion: 137.0.7151.119 (e0ac9d12dff..., userDataDir: C:\Users\mdrhm\AppData\Loca...}, fedcm:accounts: true, goog:chromeOptions: {debuggerAddress: localhost:60390}, networkConnectionEnabled: false, pageLoadStrategy: normal, platformName: windows, proxy: Proxy(), se:cdp: ws://localhost:60390/devtoo..., se:cdpVersion: 137.0.7151.122, setWindowRect: true, strictFileInteractability: false, timeouts: {implicit: 0, pageLoad: 300000, script: 30000}, unhandledPromptBehavior: dismiss and notify, webauthn:extension:credBlob: true, webauthn:extension:largeBlob: true, webauthn:extension:minPinLength: true, webauthn:extension:prf: true, webauthn:virtualAuthenticators: true}
Element: [[ChromeDriver: chrome on windows (8a0d6c062618182f75bdef0856417255)] -> xpath: //a[@id='midLvl24724']]
Session ID: 8a0d6c062618182f75bdef0856417255]]>
            </message>
            <full-stacktrace>
              <![CDATA[org.openqa.selenium.ElementNotInteractableException: element not interactable
  (Session info: chrome=137.0.7151.122)
Build info: version: '4.22.0', revision: 'c5f3146703*'
System info: os.name: 'Windows 11', os.arch: 'amd64', os.version: '10.0', java.version: '19'
Driver info: org.openqa.selenium.chrome.ChromeDriver
Command: [8a0d6c062618182f75bdef0856417255, clickElement {id=f.D725A94FB89307133A4C290D7BE43D06.d.1E9A944E32F27A477FEF9D8D3D8B48D4.e.493}]
Capabilities {acceptInsecureCerts: false, browserName: chrome, browserVersion: 137.0.7151.122, chrome: {chromedriverVersion: 137.0.7151.119 (e0ac9d12dff..., userDataDir: C:\Users\mdrhm\AppData\Loca...}, fedcm:accounts: true, goog:chromeOptions: {debuggerAddress: localhost:60390}, networkConnectionEnabled: false, pageLoadStrategy: normal, platformName: windows, proxy: Proxy(), se:cdp: ws://localhost:60390/devtoo..., se:cdpVersion: 137.0.7151.122, setWindowRect: true, strictFileInteractability: false, timeouts: {implicit: 0, pageLoad: 300000, script: 30000}, unhandledPromptBehavior: dismiss and notify, webauthn:extension:credBlob: true, webauthn:extension:largeBlob: true, webauthn:extension:minPinLength: true, webauthn:extension:prf: true, webauthn:virtualAuthenticators: true}
Element: [[ChromeDriver: chrome on windows (8a0d6c062618182f75bdef0856417255)] -> xpath: //a[@id='midLvl24724']]
Session ID: 8a0d6c062618182f75bdef0856417255
at java.base/jdk.internal.reflect.DirectConstructorHandleAccessor.newInstance(DirectConstructorHandleAccessor.java:67)
at java.base/java.lang.reflect.Constructor.newInstanceWithCaller(Constructor.java:500)
at java.base/java.lang.reflect.Constructor.newInstance(Constructor.java:484)
at org.openqa.selenium.remote.ErrorCodec.decode(ErrorCodec.java:167)
at org.openqa.selenium.remote.codec.w3c.W3CHttpResponseCodec.decode(W3CHttpResponseCodec.java:138)
at org.openqa.selenium.remote.codec.w3c.W3CHttpResponseCodec.decode(W3CHttpResponseCodec.java:50)
at org.openqa.selenium.remote.HttpCommandExecutor.execute(HttpCommandExecutor.java:190)
at org.openqa.selenium.remote.service.DriverCommandExecutor.invokeExecute(DriverCommandExecutor.java:216)
at org.openqa.selenium.remote.service.DriverCommandExecutor.execute(DriverCommandExecutor.java:174)
at org.openqa.selenium.remote.RemoteWebDriver.execute(RemoteWebDriver.java:518)
at org.openqa.selenium.remote.RemoteWebElement.execute(RemoteWebElement.java:223)
at org.openqa.selenium.remote.RemoteWebElement.click(RemoteWebElement.java:76)
at java.base/jdk.internal.reflect.DirectMethodHandleAccessor.invoke(DirectMethodHandleAccessor.java:104)
at java.base/java.lang.reflect.Method.invoke(Method.java:578)
at org.openqa.selenium.support.pagefactory.internal.LocatingElementHandler.invoke(LocatingElementHandler.java:51)
at jdk.proxy2/jdk.proxy2.$Proxy27.click(Unknown Source)
at com.micro.pages.ServicesPage.clickOnCheckRepairStatusButton(ServicesPage.java:33)
at com.micro.steps.StepDefinition.i_scroll_down_to_the_section(StepDefinition.java:447)
at ✽.I scroll down to the "Check Repair Status" section(file:///C:/Users/mdrhm/OneDrive/Desktop/OSA0820202325A/BDD_Cucumber_Micro_Project/src/test/java/com/micro/features/ServicesPage.feature:16)
]]>
            </full-stacktrace>
          </exception> <!-- org.openqa.selenium.ElementNotInteractableException -->
          <reporter-output>
          </reporter-output>
        </test-method> <!-- runScenario -->
        <test-method is-config="true" signature="tearDownClass()[pri:0, instance:com.micro.runners.RegressionTest@294425a7]" started-at="2025-07-04T17:49:38 EDT" name="tearDownClass" finished-at="2025-07-04T17:49:40 EDT" duration-ms="1167" status="PASS">
          <reporter-output>
          </reporter-output>
        </test-method> <!-- tearDownClass -->
        <test-method is-config="true" signature="afterSuite()[pri:0, instance:com.micro.runners.RegressionTest@294425a7]" started-at="2025-07-04T17:49:40 EDT" name="afterSuite" finished-at="2025-07-04T17:49:40 EDT" duration-ms="0" status="PASS">
          <reporter-output>
          </reporter-output>
        </test-method> <!-- afterSuite -->
      </class> <!-- com.micro.runners.RegressionTest -->
    </test> <!-- Default test -->
  </suite> <!-- Default suite -->
</testng-results>
