<?xml version="1.0" encoding="UTF-8"?>
<testng-results ignored="0" total="9" passed="8" failed="1" skipped="0">
  <reporter-output>
  </reporter-output>
  <suite started-at="2025-07-07T05:50:15 EDT" name="Default suite" finished-at="2025-07-07T05:53:47 EDT" duration-ms="212222">
    <groups>
      <group name="cucumber">
        <method signature="AbstractTestNGCucumberTests.runScenario(io.cucumber.testng.PickleWrapper, io.cucumber.testng.FeatureWrapper)[pri:0, instance:com.micro.runners.RegressionTest@79924b]" name="runScenario" class="io.cucumber.testng.AbstractTestNGCucumberTests"/>
      </group> <!-- cucumber -->
    </groups>
    <test started-at="2025-07-07T05:50:15 EDT" name="Default test" finished-at="2025-07-07T05:53:47 EDT" duration-ms="212222">
      <class name="com.micro.runners.RegressionTest">
        <test-method is-config="true" signature="beforeSuite()[pri:0, instance:com.micro.runners.RegressionTest@79924b]" started-at="2025-07-07T05:50:15 EDT" name="beforeSuite" finished-at="2025-07-07T05:50:15 EDT" duration-ms="10" status="PASS">
          <reporter-output>
          </reporter-output>
        </test-method> <!-- beforeSuite -->
        <test-method is-config="true" signature="setUpClass()[pri:0, instance:com.micro.runners.RegressionTest@79924b]" started-at="2025-07-07T05:50:15 EDT" name="setUpClass" finished-at="2025-07-07T05:50:15 EDT" duration-ms="278" status="PASS">
          <reporter-output>
          </reporter-output>
        </test-method> <!-- setUpClass -->
        <test-method signature="runScenario(io.cucumber.testng.PickleWrapper, io.cucumber.testng.FeatureWrapper)[pri:0, instance:com.micro.runners.RegressionTest@79924b]" started-at="2025-07-07T05:50:15 EDT" name="runScenario" description="Runs Cucumber Scenarios" data-provider="scenarios" finished-at="2025-07-07T05:50:45 EDT" duration-ms="29972" status="PASS">
          <params>
            <param index="0">
              <value>
                <![CDATA["Varify  ApplePage is working or not"]]>
              </value>
            </param>
            <param index="1">
              <value>
                <![CDATA["Microcenter Apple page testing info"]]>
              </value>
            </param>
          </params>
          <reporter-output>
          </reporter-output>
        </test-method> <!-- runScenario -->
        <test-method signature="runScenario(io.cucumber.testng.PickleWrapper, io.cucumber.testng.FeatureWrapper)[pri:0, instance:com.micro.runners.RegressionTest@79924b]" started-at="2025-07-07T05:50:45 EDT" name="runScenario" description="Runs Cucumber Scenarios" data-provider="scenarios" finished-at="2025-07-07T05:51:09 EDT" duration-ms="23230" status="PASS">
          <params>
            <param index="0">
              <value>
                <![CDATA["Varify  ApplePage is working or not"]]>
              </value>
            </param>
            <param index="1">
              <value>
                <![CDATA["Microcenter Apple page testing info"]]>
              </value>
            </param>
          </params>
          <reporter-output>
          </reporter-output>
        </test-method> <!-- runScenario -->
        <test-method signature="runScenario(io.cucumber.testng.PickleWrapper, io.cucumber.testng.FeatureWrapper)[pri:0, instance:com.micro.runners.RegressionTest@79924b]" started-at="2025-07-07T05:51:09 EDT" name="runScenario" description="Runs Cucumber Scenarios" data-provider="scenarios" finished-at="2025-07-07T05:51:35 EDT" duration-ms="26791" status="PASS">
          <params>
            <param index="0">
              <value>
                <![CDATA["User navigates to Computers page, filters by Desktop Computers, and adds a product to the cart"]]>
              </value>
            </param>
            <param index="1">
              <value>
                <![CDATA["Computers Page Functionality on Micro Center"]]>
              </value>
            </param>
          </params>
          <reporter-output>
          </reporter-output>
        </test-method> <!-- runScenario -->
        <test-method signature="runScenario(io.cucumber.testng.PickleWrapper, io.cucumber.testng.FeatureWrapper)[pri:0, instance:com.micro.runners.RegressionTest@79924b]" started-at="2025-07-07T05:51:35 EDT" name="runScenario" description="Runs Cucumber Scenarios" data-provider="scenarios" finished-at="2025-07-07T05:51:49 EDT" duration-ms="13545" status="PASS">
          <params>
            <param index="0">
              <value>
                <![CDATA["Verify Microcenter home page title"]]>
              </value>
            </param>
            <param index="1">
              <value>
                <![CDATA["MicroCenter Home Page feature"]]>
              </value>
            </param>
          </params>
          <reporter-output>
          </reporter-output>
        </test-method> <!-- runScenario -->
        <test-method signature="runScenario(io.cucumber.testng.PickleWrapper, io.cucumber.testng.FeatureWrapper)[pri:0, instance:com.micro.runners.RegressionTest@79924b]" started-at="2025-07-07T05:51:49 EDT" name="runScenario" description="Runs Cucumber Scenarios" data-provider="scenarios" finished-at="2025-07-07T05:52:11 EDT" duration-ms="22421" status="PASS">
          <params>
            <param index="0">
              <value>
                <![CDATA["Add the first PC part listed to the cart"]]>
              </value>
            </param>
            <param index="1">
              <value>
                <![CDATA["Browse and add PC Parts on Micro Center"]]>
              </value>
            </param>
          </params>
          <reporter-output>
          </reporter-output>
        </test-method> <!-- runScenario -->
        <test-method signature="runScenario(io.cucumber.testng.PickleWrapper, io.cucumber.testng.FeatureWrapper)[pri:0, instance:com.micro.runners.RegressionTest@79924b]" started-at="2025-07-07T05:52:11 EDT" name="runScenario" description="Runs Cucumber Scenarios" data-provider="scenarios" finished-at="2025-07-07T05:52:27 EDT" duration-ms="15321" status="PASS">
          <params>
            <param index="0">
              <value>
                <![CDATA["Verify Microcenter Sign in is working or not"]]>
              </value>
            </param>
            <param index="1">
              <value>
                <![CDATA["Microcenter Sign In validation"]]>
              </value>
            </param>
          </params>
          <reporter-output>
          </reporter-output>
        </test-method> <!-- runScenario -->
        <test-method signature="runScenario(io.cucumber.testng.PickleWrapper, io.cucumber.testng.FeatureWrapper)[pri:0, instance:com.micro.runners.RegressionTest@79924b]" started-at="2025-07-07T05:52:27 EDT" name="runScenario" description="Runs Cucumber Scenarios" data-provider="scenarios" finished-at="2025-07-07T05:52:45 EDT" duration-ms="18216" status="PASS">
          <params>
            <param index="0">
              <value>
                <![CDATA["Verify Microcenter Sign in is working or not"]]>
              </value>
            </param>
            <param index="1">
              <value>
                <![CDATA["Microcenter Sign In validation"]]>
              </value>
            </param>
          </params>
          <reporter-output>
          </reporter-output>
        </test-method> <!-- runScenario -->
        <test-method signature="runScenario(io.cucumber.testng.PickleWrapper, io.cucumber.testng.FeatureWrapper)[pri:0, instance:com.micro.runners.RegressionTest@79924b]" started-at="2025-07-07T05:52:45 EDT" name="runScenario" description="Runs Cucumber Scenarios" data-provider="scenarios" finished-at="2025-07-07T05:53:02 EDT" duration-ms="17207" status="PASS">
          <params>
            <param index="0">
              <value>
                <![CDATA["Verify Microcenter Sign in is working or not"]]>
              </value>
            </param>
            <param index="1">
              <value>
                <![CDATA["Microcenter Sign In validation"]]>
              </value>
            </param>
          </params>
          <reporter-output>
          </reporter-output>
        </test-method> <!-- runScenario -->
        <test-method signature="runScenario(io.cucumber.testng.PickleWrapper, io.cucumber.testng.FeatureWrapper)[pri:0, instance:com.micro.runners.RegressionTest@79924b]" started-at="2025-07-07T05:53:02 EDT" name="runScenario" description="Runs Cucumber Scenarios" data-provider="scenarios" finished-at="2025-07-07T05:53:46 EDT" duration-ms="43568" status="FAIL">
          <params>
            <param index="0">
              <value>
                <![CDATA["View available tech services"]]>
              </value>
            </param>
            <param index="1">
              <value>
                <![CDATA["Micro Center Services Page Functionality"]]>
              </value>
            </param>
          </params>
          <exception class="org.openqa.selenium.ElementNotInteractableException">
            <message>
              <![CDATA[element not interactable
  (Session info: chrome=137.0.7151.122)
Build info: version: '4.22.0', revision: 'c5f3146703*'
System info: os.name: 'Windows 11', os.arch: 'amd64', os.version: '10.0', java.version: '19'
Driver info: org.openqa.selenium.chrome.ChromeDriver
Command: [adfdabfc8a71d14993d6afc14f747abe, clickElement {id=f.EC372BD053DD8E6A86157642A1331617.d.24086F1C8AB348298596A6233433CEC8.e.36851}]
Capabilities {acceptInsecureCerts: false, browserName: chrome, browserVersion: 137.0.7151.122, chrome: {chromedriverVersion: 137.0.7151.119 (e0ac9d12dff..., userDataDir: C:\Users\mdrhm\AppData\Loca...}, fedcm:accounts: true, goog:chromeOptions: {debuggerAddress: localhost:64971}, networkConnectionEnabled: false, pageLoadStrategy: normal, platformName: windows, proxy: Proxy(), se:cdp: ws://localhost:64971/devtoo..., se:cdpVersion: 137.0.7151.122, setWindowRect: true, strictFileInteractability: false, timeouts: {implicit: 0, pageLoad: 300000, script: 30000}, unhandledPromptBehavior: dismiss and notify, webauthn:extension:credBlob: true, webauthn:extension:largeBlob: true, webauthn:extension:minPinLength: true, webauthn:extension:prf: true, webauthn:virtualAuthenticators: true}
Element: [[ChromeDriver: chrome on windows (adfdabfc8a71d14993d6afc14f747abe)] -> xpath: //a[@id='midLvl24724']]
Session ID: adfdabfc8a71d14993d6afc14f747abe]]>
            </message>
            <full-stacktrace>
              <![CDATA[org.openqa.selenium.ElementNotInteractableException: element not interactable
  (Session info: chrome=137.0.7151.122)
Build info: version: '4.22.0', revision: 'c5f3146703*'
System info: os.name: 'Windows 11', os.arch: 'amd64', os.version: '10.0', java.version: '19'
Driver info: org.openqa.selenium.chrome.ChromeDriver
Command: [adfdabfc8a71d14993d6afc14f747abe, clickElement {id=f.EC372BD053DD8E6A86157642A1331617.d.24086F1C8AB348298596A6233433CEC8.e.36851}]
Capabilities {acceptInsecureCerts: false, browserName: chrome, browserVersion: 137.0.7151.122, chrome: {chromedriverVersion: 137.0.7151.119 (e0ac9d12dff..., userDataDir: C:\Users\mdrhm\AppData\Loca...}, fedcm:accounts: true, goog:chromeOptions: {debuggerAddress: localhost:64971}, networkConnectionEnabled: false, pageLoadStrategy: normal, platformName: windows, proxy: Proxy(), se:cdp: ws://localhost:64971/devtoo..., se:cdpVersion: 137.0.7151.122, setWindowRect: true, strictFileInteractability: false, timeouts: {implicit: 0, pageLoad: 300000, script: 30000}, unhandledPromptBehavior: dismiss and notify, webauthn:extension:credBlob: true, webauthn:extension:largeBlob: true, webauthn:extension:minPinLength: true, webauthn:extension:prf: true, webauthn:virtualAuthenticators: true}
Element: [[ChromeDriver: chrome on windows (adfdabfc8a71d14993d6afc14f747abe)] -> xpath: //a[@id='midLvl24724']]
Session ID: adfdabfc8a71d14993d6afc14f747abe
at java.base/jdk.internal.reflect.DirectConstructorHandleAccessor.newInstance(DirectConstructorHandleAccessor.java:67)
at java.base/java.lang.reflect.Constructor.newInstanceWithCaller(Constructor.java:500)
at java.base/java.lang.reflect.Constructor.newInstance(Constructor.java:484)
at org.openqa.selenium.remote.ErrorCodec.decode(ErrorCodec.java:167)
at org.openqa.selenium.remote.codec.w3c.W3CHttpResponseCodec.decode(W3CHttpResponseCodec.java:138)
at org.openqa.selenium.remote.codec.w3c.W3CHttpResponseCodec.decode(W3CHttpResponseCodec.java:50)
at org.openqa.selenium.remote.HttpCommandExecutor.execute(HttpCommandExecutor.java:190)
at org.openqa.selenium.remote.service.DriverCommandExecutor.invokeExecute(DriverCommandExecutor.java:216)
at org.openqa.selenium.remote.service.DriverCommandExecutor.execute(DriverCommandExecutor.java:174)
at org.openqa.selenium.remote.RemoteWebDriver.execute(RemoteWebDriver.java:518)
at org.openqa.selenium.remote.RemoteWebElement.execute(RemoteWebElement.java:223)
at org.openqa.selenium.remote.RemoteWebElement.click(RemoteWebElement.java:76)
at java.base/jdk.internal.reflect.DirectMethodHandleAccessor.invoke(DirectMethodHandleAccessor.java:104)
at java.base/java.lang.reflect.Method.invoke(Method.java:578)
at org.openqa.selenium.support.pagefactory.internal.LocatingElementHandler.invoke(LocatingElementHandler.java:51)
at jdk.proxy2/jdk.proxy2.$Proxy28.click(Unknown Source)
at com.micro.pages.ServicesPage.clickOnCheckRepairStatusButton(ServicesPage.java:33)
at com.micro.steps.StepDefinition.i_scroll_down_to_the_section(StepDefinition.java:447)
at ✽.I scroll down to the "Check Repair Status" section(file:///C:/Users/mdrhm/OneDrive/Desktop/OSA0820202325A/BDD_Cucumber_Micro_Project/src/test/java/com/micro/features/ServicesPage.feature:16)
]]>
            </full-stacktrace>
          </exception> <!-- org.openqa.selenium.ElementNotInteractableException -->
          <reporter-output>
          </reporter-output>
        </test-method> <!-- runScenario -->
        <test-method is-config="true" signature="tearDownClass()[pri:0, instance:com.micro.runners.RegressionTest@79924b]" started-at="2025-07-07T05:53:46 EDT" name="tearDownClass" finished-at="2025-07-07T05:53:47 EDT" duration-ms="1626" status="PASS">
          <reporter-output>
          </reporter-output>
        </test-method> <!-- tearDownClass -->
        <test-method is-config="true" signature="afterSuite()[pri:0, instance:com.micro.runners.RegressionTest@79924b]" started-at="2025-07-07T05:53:47 EDT" name="afterSuite" finished-at="2025-07-07T05:53:47 EDT" duration-ms="0" status="PASS">
          <reporter-output>
          </reporter-output>
        </test-method> <!-- afterSuite -->
      </class> <!-- com.micro.runners.RegressionTest -->
    </test> <!-- Default test -->
  </suite> <!-- Default suite -->
</testng-results>
