<?xml version="1.0" encoding="UTF-8"?>
<!-- Generated by org.testng.reporters.JUnitReportReporter -->
<testsuite hostname="MD" failures="0" tests="9" name="com.micro.runners.RegressionTest" time="220.191" errors="1" timestamp="2025-07-04T17:49:40 EDT" skipped="0">
  <testcase classname="com.micro.runners.RegressionTest" name="runScenario" time="13.415"/>
  <system-out/>
  <testcase classname="com.micro.runners.RegressionTest" name="runScenario" time="17.210"/>
  <system-out/>
  <testcase classname="com.micro.runners.RegressionTest" name="runScenario" time="27.290"/>
  <system-out/>
  <testcase classname="com.micro.runners.RegressionTest" name="runScenario" time="17.993"/>
  <system-out/>
  <testcase classname="com.micro.runners.RegressionTest" name="runScenario" time="42.852">
    <error message="element not interactable
  (Session info: chrome=137.0.7151.122)
Build info: version: &#039;4.22.0&#039;, revision: &#039;c5f3146703*&#039;
System info: os.name: &#039;Windows 11&#039;, os.arch: &#039;amd64&#039;, os.version: &#039;10.0&#039;, java.version: &#039;19&#039;
Driver info: org.openqa.selenium.chrome.ChromeDriver
Command: [8a0d6c062618182f75bdef0856417255, clickElement {id=f.D725A94FB89307133A4C290D7BE43D06.d.1E9A944E32F27A477FEF9D8D3D8B48D4.e.493}]
Capabilities {acceptInsecureCerts: false, browserName: chrome, browserVersion: 137.0.7151.122, chrome: {chromedriverVersion: 137.0.7151.119 (e0ac9d12dff..., userDataDir: C:\Users\mdrhm\AppData\Loca...}, fedcm:accounts: true, goog:chromeOptions: {debuggerAddress: localhost:60390}, networkConnectionEnabled: false, pageLoadStrategy: normal, platformName: windows, proxy: Proxy(), se:cdp: ws://localhost:60390/devtoo..., se:cdpVersion: 137.0.7151.122, setWindowRect: true, strictFileInteractability: false, timeouts: {implicit: 0, pageLoad: 300000, script: 30000}, unhandledPromptBehavior: dismiss and notify, webauthn:extension:credBlob: true, webauthn:extension:largeBlob: true, webauthn:extension:minPinLength: true, webauthn:extension:prf: true, webauthn:virtualAuthenticators: true}
Element: [[ChromeDriver: chrome on windows (8a0d6c062618182f75bdef0856417255)] -&gt; xpath: //a[@id=&#039;midLvl24724&#039;]]
Session ID: 8a0d6c062618182f75bdef0856417255" type="org.openqa.selenium.ElementNotInteractableException">
      <![CDATA[org.openqa.selenium.ElementNotInteractableException: element not interactable
  (Session info: chrome=137.0.7151.122)
Build info: version: '4.22.0', revision: 'c5f3146703*'
System info: os.name: 'Windows 11', os.arch: 'amd64', os.version: '10.0', java.version: '19'
Driver info: org.openqa.selenium.chrome.ChromeDriver
Command: [8a0d6c062618182f75bdef0856417255, clickElement {id=f.D725A94FB89307133A4C290D7BE43D06.d.1E9A944E32F27A477FEF9D8D3D8B48D4.e.493}]
Capabilities {acceptInsecureCerts: false, browserName: chrome, browserVersion: 137.0.7151.122, chrome: {chromedriverVersion: 137.0.7151.119 (e0ac9d12dff..., userDataDir: C:\Users\mdrhm\AppData\Loca...}, fedcm:accounts: true, goog:chromeOptions: {debuggerAddress: localhost:60390}, networkConnectionEnabled: false, pageLoadStrategy: normal, platformName: windows, proxy: Proxy(), se:cdp: ws://localhost:60390/devtoo..., se:cdpVersion: 137.0.7151.122, setWindowRect: true, strictFileInteractability: false, timeouts: {implicit: 0, pageLoad: 300000, script: 30000}, unhandledPromptBehavior: dismiss and notify, webauthn:extension:credBlob: true, webauthn:extension:largeBlob: true, webauthn:extension:minPinLength: true, webauthn:extension:prf: true, webauthn:virtualAuthenticators: true}
Element: [[ChromeDriver: chrome on windows (8a0d6c062618182f75bdef0856417255)] -> xpath: //a[@id='midLvl24724']]
Session ID: 8a0d6c062618182f75bdef0856417255
at java.base/jdk.internal.reflect.DirectConstructorHandleAccessor.newInstance(DirectConstructorHandleAccessor.java:67)
at java.base/java.lang.reflect.Constructor.newInstanceWithCaller(Constructor.java:500)
at java.base/java.lang.reflect.Constructor.newInstance(Constructor.java:484)
at org.openqa.selenium.remote.ErrorCodec.decode(ErrorCodec.java:167)
at org.openqa.selenium.remote.codec.w3c.W3CHttpResponseCodec.decode(W3CHttpResponseCodec.java:138)
at org.openqa.selenium.remote.codec.w3c.W3CHttpResponseCodec.decode(W3CHttpResponseCodec.java:50)
at org.openqa.selenium.remote.HttpCommandExecutor.execute(HttpCommandExecutor.java:190)
at org.openqa.selenium.remote.service.DriverCommandExecutor.invokeExecute(DriverCommandExecutor.java:216)
at org.openqa.selenium.remote.service.DriverCommandExecutor.execute(DriverCommandExecutor.java:174)
at org.openqa.selenium.remote.RemoteWebDriver.execute(RemoteWebDriver.java:518)
at org.openqa.selenium.remote.RemoteWebElement.execute(RemoteWebElement.java:223)
at org.openqa.selenium.remote.RemoteWebElement.click(RemoteWebElement.java:76)
at java.base/jdk.internal.reflect.DirectMethodHandleAccessor.invoke(DirectMethodHandleAccessor.java:104)
at java.base/java.lang.reflect.Method.invoke(Method.java:578)
at org.openqa.selenium.support.pagefactory.internal.LocatingElementHandler.invoke(LocatingElementHandler.java:51)
at jdk.proxy2/jdk.proxy2.$Proxy27.click(Unknown Source)
at com.micro.pages.ServicesPage.clickOnCheckRepairStatusButton(ServicesPage.java:33)
at com.micro.steps.StepDefinition.i_scroll_down_to_the_section(StepDefinition.java:447)
at ✽.I scroll down to the "Check Repair Status" section(file:///C:/Users/mdrhm/OneDrive/Desktop/OSA0820202325A/BDD_Cucumber_Micro_Project/src/test/java/com/micro/features/ServicesPage.feature:16)
]]>
    </error>
  </testcase> <!-- runScenario -->
  <system-out/>
  <testcase classname="com.micro.runners.RegressionTest" name="runScenario" time="31.826"/>
  <system-out/>
  <testcase classname="com.micro.runners.RegressionTest" name="runScenario" time="17.035"/>
  <system-out/>
  <testcase classname="com.micro.runners.RegressionTest" name="runScenario" time="31.923"/>
  <system-out/>
  <testcase classname="com.micro.runners.RegressionTest" name="runScenario" time="20.647"/>
  <system-out/>
</testsuite> <!-- com.micro.runners.RegressionTest -->
